2018-08-09 03:36:01,174 [Worker-9] INFO  o.e.m.c.i.p.ProjectConfigurationManager - Collecting project info '/pom.xml' /home/bridgelabz/java-programs/Bootcamp/login/pom.xml
2018-08-09 03:36:03,981 [Worker-9] INFO  o.e.m.c.i.l.LifecycleMappingFactory - Using org.maven.ide.eclipse.wtp.WarLifecycleMapping lifecycle mapping for MavenProject: com.jda:login:0.0.1-SNAPSHOT @ /home/bridgelabz/java-programs/Bootcamp/login/pom.xml.
2018-08-09 03:36:05,728 [Worker-9] INFO  o.e.m.c.i.e.AbstractTransferListenerAdapter - Downloading https://repo.maven.apache.org/maven2/org/apache/maven/plugins/maven-surefire-plugin/2.12.4/maven-surefire-plugin-2.12.4.pom
2018-08-09 03:36:06,021 [Worker-9] INFO  o.e.m.c.i.e.AbstractTransferListenerAdapter - Downloaded https://repo.maven.apache.org/maven2/org/apache/maven/plugins/maven-surefire-plugin/2.12.4/maven-surefire-plugin-2.12.4.pom
2018-08-09 03:36:06,295 [Worker-9] INFO  o.e.m.c.i.e.AbstractTransferListenerAdapter - Downloading https://repo.maven.apache.org/maven2/org/apache/maven/surefire/surefire/2.12.4/surefire-2.12.4.pom
2018-08-09 03:36:06,629 [Worker-9] INFO  o.e.m.c.i.e.AbstractTransferListenerAdapter - Downloaded https://repo.maven.apache.org/maven2/org/apache/maven/surefire/surefire/2.12.4/surefire-2.12.4.pom
2018-08-09 03:36:07,519 [Worker-9] INFO  o.e.m.j.i.AbstractJavaProjectConfigurator - Adding source folder /login/src/main/java
2018-08-09 03:36:07,525 [Worker-9] INFO  o.e.m.j.i.AbstractJavaProjectConfigurator - Adding resource folder /login/src/main/resources
2018-08-09 03:36:07,526 [Worker-9] INFO  o.e.m.j.i.AbstractJavaProjectConfigurator - Adding source folder /login/src/test/java
2018-08-09 03:36:11,281 [Worker-9] INFO  o.e.m.c.i.e.AbstractTransferListenerAdapter - Downloading https://repo.maven.apache.org/maven2/org/apache/maven/plugins/maven-clean-plugin/2.5/maven-clean-plugin-2.5.pom
2018-08-09 03:36:11,553 [Worker-9] INFO  o.e.m.c.i.e.AbstractTransferListenerAdapter - Downloaded https://repo.maven.apache.org/maven2/org/apache/maven/plugins/maven-clean-plugin/2.5/maven-clean-plugin-2.5.pom
2018-08-09 03:36:11,659 [Worker-9] INFO  o.e.m.c.i.p.ProjectConfigurationManager - Imported and configured 1 project(s) in 10 sec
2018-08-09 03:36:25,115 [Worker-4] INFO  o.e.m.c.i.l.LifecycleMappingFactory - Using org.maven.ide.eclipse.wtp.WarLifecycleMapping lifecycle mapping for MavenProject: com.jda:login:0.0.1-SNAPSHOT @ /home/bridgelabz/java-programs/Bootcamp/Login/pom.xml.
2018-08-09 03:36:25,714 [Worker-4] WARN  o.e.m.c.i.embedder.EclipseLogger - Using platform encoding (ANSI_X3.4-1968 actually) to copy filtered resources, i.e. build is platform dependent!
2018-08-09 03:36:25,719 [Worker-4] INFO  o.e.m.c.i.embedder.EclipseLogger - Copying 0 resource
2018-08-09 03:36:25,754 [Worker-4] WARN  o.e.m.c.i.embedder.EclipseLogger - Using platform encoding (ANSI_X3.4-1968 actually) to copy filtered resources, i.e. build is platform dependent!
2018-08-09 03:36:25,755 [Worker-4] INFO  o.e.m.c.i.embedder.EclipseLogger - skip non existing resourceDirectory /home/bridgelabz/java-programs/Bootcamp/Login/src/test/resources
2018-08-09 03:36:29,864 [Worker-0] WARN  o.e.m.c.i.embedder.EclipseLogger - Using platform encoding (ANSI_X3.4-1968 actually) to copy filtered resources, i.e. build is platform dependent!
2018-08-09 03:36:29,874 [Worker-0] INFO  o.e.m.c.i.embedder.EclipseLogger - Copying 0 resource
2018-08-09 03:36:29,876 [Worker-0] WARN  o.e.m.c.i.embedder.EclipseLogger - Using platform encoding (ANSI_X3.4-1968 actually) to copy filtered resources, i.e. build is platform dependent!
2018-08-09 03:36:29,876 [Worker-0] INFO  o.e.m.c.i.embedder.EclipseLogger - skip non existing resourceDirectory /home/bridgelabz/java-programs/Bootcamp/Login/src/test/resources
2018-08-09 03:38:55,518 [Worker-8] ERROR o.e.m.c.i.p.r.ProjectRegistryManager - Could not read pom.xml
org.eclipse.core.runtime.CoreException: Could not read pom.xml
	at org.eclipse.m2e.core.internal.embedder.MavenImpl.readModel(MavenImpl.java:565) ~[org.eclipse.m2e.core_1.8.0.20160921-2002.jar:na]
	at org.eclipse.m2e.core.internal.embedder.MavenImpl.readModel(MavenImpl.java:574) ~[org.eclipse.m2e.core_1.8.0.20160921-2002.jar:na]
	at org.eclipse.m2e.core.internal.project.registry.ProjectRegistryManager.refreshPhase2(ProjectRegistryManager.java:542) [org.eclipse.m2e.core_1.8.0.20160921-2002.jar:na]
	at org.eclipse.m2e.core.internal.project.registry.ProjectRegistryManager.refresh(ProjectRegistryManager.java:498) [org.eclipse.m2e.core_1.8.0.20160921-2002.jar:na]
	at org.eclipse.m2e.core.internal.project.registry.ProjectRegistryManager.refresh(ProjectRegistryManager.java:351) [org.eclipse.m2e.core_1.8.0.20160921-2002.jar:na]
	at org.eclipse.m2e.core.internal.project.registry.ProjectRegistryManager.refresh(ProjectRegistryManager.java:298) [org.eclipse.m2e.core_1.8.0.20160921-2002.jar:na]
	at org.eclipse.m2e.core.internal.builder.MavenBuilder$BuildMethod.getProjectFacade(MavenBuilder.java:154) [org.eclipse.m2e.core_1.8.0.20160921-2002.jar:na]
	at org.eclipse.m2e.core.internal.builder.MavenBuilder$BuildMethod$1.call(MavenBuilder.java:89) [org.eclipse.m2e.core_1.8.0.20160921-2002.jar:na]
	at org.eclipse.m2e.core.internal.embedder.MavenExecutionContext.executeBare(MavenExecutionContext.java:177) [org.eclipse.m2e.core_1.8.0.20160921-2002.jar:na]
	at org.eclipse.m2e.core.internal.embedder.MavenExecutionContext.execute(MavenExecutionContext.java:151) [org.eclipse.m2e.core_1.8.0.20160921-2002.jar:na]
	at org.eclipse.m2e.core.internal.embedder.MavenExecutionContext.execute(MavenExecutionContext.java:99) [org.eclipse.m2e.core_1.8.0.20160921-2002.jar:na]
	at org.eclipse.m2e.core.internal.builder.MavenBuilder$BuildMethod.execute(MavenBuilder.java:86) [org.eclipse.m2e.core_1.8.0.20160921-2002.jar:na]
	at org.eclipse.m2e.core.internal.builder.MavenBuilder.build(MavenBuilder.java:200) [org.eclipse.m2e.core_1.8.0.20160921-2002.jar:na]
	at org.eclipse.core.internal.events.BuildManager$2.run(BuildManager.java:735) [org.eclipse.core.resources_3.11.0.v20160706-1129.jar:na]
	at org.eclipse.core.runtime.SafeRunner.run(SafeRunner.java:42) [org.eclipse.equinox.common_3.9.0.v20160831-0037.jar:na]
	at org.eclipse.core.internal.events.BuildManager.basicBuild(BuildManager.java:206) [org.eclipse.core.resources_3.11.0.v20160706-1129.jar:na]
	at org.eclipse.core.internal.events.BuildManager.basicBuild(BuildManager.java:246) [org.eclipse.core.resources_3.11.0.v20160706-1129.jar:na]
	at org.eclipse.core.internal.events.BuildManager$1.run(BuildManager.java:301) [org.eclipse.core.resources_3.11.0.v20160706-1129.jar:na]
	at org.eclipse.core.runtime.SafeRunner.run(SafeRunner.java:42) [org.eclipse.equinox.common_3.9.0.v20160831-0037.jar:na]
	at org.eclipse.core.internal.events.BuildManager.basicBuild(BuildManager.java:304) [org.eclipse.core.resources_3.11.0.v20160706-1129.jar:na]
	at org.eclipse.core.internal.events.BuildManager.basicBuildLoop(BuildManager.java:360) [org.eclipse.core.resources_3.11.0.v20160706-1129.jar:na]
	at org.eclipse.core.internal.events.BuildManager.build(BuildManager.java:383) [org.eclipse.core.resources_3.11.0.v20160706-1129.jar:na]
	at org.eclipse.core.internal.events.AutoBuildJob.doBuild(AutoBuildJob.java:144) [org.eclipse.core.resources_3.11.0.v20160706-1129.jar:na]
	at org.eclipse.core.internal.events.AutoBuildJob.run(AutoBuildJob.java:235) [org.eclipse.core.resources_3.11.0.v20160706-1129.jar:na]
	at org.eclipse.core.internal.jobs.Worker.run(Worker.java:55) [org.eclipse.core.jobs_3.8.0.v20160901-1938.jar:na]
Caused by: org.apache.maven.model.io.ModelParseException: Expected root element 'project' but found 'modelVersion' (position: START_TAG seen ...0.0 http://maven.apache.org/maven-v4_0_0.xsd">-->\n  <modelVersion>... @3:17) 
	at org.apache.maven.model.io.DefaultModelReader.read(DefaultModelReader.java:122) ~[maven-model-builder-3.3.9.jar:3.3.9]
	at org.apache.maven.model.io.DefaultModelReader.read(DefaultModelReader.java:86) ~[maven-model-builder-3.3.9.jar:3.3.9]
	at org.eclipse.m2e.core.internal.embedder.MavenImpl.readModel(MavenImpl.java:563) ~[org.eclipse.m2e.core_1.8.0.20160921-2002.jar:na]
	... 24 common frames omitted
Caused by: org.codehaus.plexus.util.xml.pull.XmlPullParserException: Expected root element 'project' but found 'modelVersion' (position: START_TAG seen ...0.0 http://maven.apache.org/maven-v4_0_0.xsd">-->\n  <modelVersion>... @3:17) 
	at org.apache.maven.model.io.xpp3.MavenXpp3Reader.read(MavenXpp3Reader.java:3843) ~[maven-model-3.3.9.jar:3.3.9]
	at org.apache.maven.model.io.xpp3.MavenXpp3Reader.read(MavenXpp3Reader.java:595) ~[maven-model-3.3.9.jar:3.3.9]
	at org.apache.maven.model.io.DefaultModelReader.read(DefaultModelReader.java:117) ~[maven-model-builder-3.3.9.jar:3.3.9]
	... 26 common frames omitted
2018-08-09 03:39:05,144 [Worker-3] INFO  o.e.m.c.i.l.LifecycleMappingFactory - Using org.maven.ide.eclipse.wtp.WarLifecycleMapping lifecycle mapping for MavenProject: com.jda:login:0.0.1-SNAPSHOT @ /home/bridgelabz/java-programs/Bootcamp/Login/pom.xml.
2018-08-09 03:39:06,067 [Worker-3] WARN  o.e.m.c.i.embedder.EclipseLogger - Using platform encoding (ANSI_X3.4-1968 actually) to copy filtered resources, i.e. build is platform dependent!
2018-08-09 03:39:06,068 [Worker-3] INFO  o.e.m.c.i.embedder.EclipseLogger - Copying 0 resource
2018-08-09 03:39:06,070 [Worker-3] WARN  o.e.m.c.i.embedder.EclipseLogger - Using platform encoding (ANSI_X3.4-1968 actually) to copy filtered resources, i.e. build is platform dependent!
2018-08-09 03:39:06,070 [Worker-3] INFO  o.e.m.c.i.embedder.EclipseLogger - skip non existing resourceDirectory /home/bridgelabz/java-programs/Bootcamp/Login/src/test/resources
2018-08-09 03:39:06,086 [Worker-3] INFO  o.e.m.w.i.f.ResourceFilteringBuildParticipant - Changed resources require a complete clean of filtered resources of Login
2018-08-09 03:39:06,087 [Worker-3] INFO  o.e.m.w.i.f.ResourceFilteringBuildParticipant - Executing resource filtering for Login
2018-08-09 03:39:06,093 [Worker-3] WARN  o.e.m.c.i.embedder.EclipseLogger - Using platform encoding (ANSI_X3.4-1968 actually) to copy filtered resources, i.e. build is platform dependent!
2018-08-09 03:39:07,146 [Worker-3] WARN  o.e.m.c.i.embedder.EclipseLogger - Using platform encoding (ANSI_X3.4-1968 actually) to copy filtered resources, i.e. build is platform dependent!
2018-08-09 03:39:07,147 [Worker-3] INFO  o.e.m.c.i.embedder.EclipseLogger - Copying 0 resource
2018-08-09 03:39:07,148 [Worker-3] WARN  o.e.m.c.i.embedder.EclipseLogger - Using platform encoding (ANSI_X3.4-1968 actually) to copy filtered resources, i.e. build is platform dependent!
2018-08-09 03:39:07,148 [Worker-3] INFO  o.e.m.c.i.embedder.EclipseLogger - skip non existing resourceDirectory /home/bridgelabz/java-programs/Bootcamp/Login/src/test/resources
2018-08-09 03:39:28,367 [Worker-4] WARN  o.e.m.c.i.embedder.EclipseLogger - Using platform encoding (ANSI_X3.4-1968 actually) to copy filtered resources, i.e. build is platform dependent!
2018-08-09 03:39:28,367 [Worker-4] INFO  o.e.m.c.i.embedder.EclipseLogger - Copying 0 resource
2018-08-09 03:39:28,376 [Worker-4] WARN  o.e.m.c.i.embedder.EclipseLogger - Using platform encoding (ANSI_X3.4-1968 actually) to copy filtered resources, i.e. build is platform dependent!
2018-08-09 03:39:28,377 [Worker-4] INFO  o.e.m.c.i.embedder.EclipseLogger - skip non existing resourceDirectory /home/bridgelabz/java-programs/Bootcamp/Login/src/test/resources
2018-08-09 03:39:41,373 [Worker-12] WARN  o.e.m.c.i.embedder.EclipseLogger - Using platform encoding (ANSI_X3.4-1968 actually) to copy filtered resources, i.e. build is platform dependent!
2018-08-09 03:39:41,374 [Worker-12] INFO  o.e.m.c.i.embedder.EclipseLogger - Copying 0 resource
2018-08-09 03:39:41,375 [Worker-12] WARN  o.e.m.c.i.embedder.EclipseLogger - Using platform encoding (ANSI_X3.4-1968 actually) to copy filtered resources, i.e. build is platform dependent!
2018-08-09 03:39:41,375 [Worker-12] INFO  o.e.m.c.i.embedder.EclipseLogger - skip non existing resourceDirectory /home/bridgelabz/java-programs/Bootcamp/Login/src/test/resources
2018-08-09 03:40:11,032 [Worker-11] WARN  o.e.m.c.i.embedder.EclipseLogger - Using platform encoding (ANSI_X3.4-1968 actually) to copy filtered resources, i.e. build is platform dependent!
2018-08-09 03:40:11,033 [Worker-11] INFO  o.e.m.c.i.embedder.EclipseLogger - Copying 0 resource
2018-08-09 03:40:11,045 [Worker-11] WARN  o.e.m.c.i.embedder.EclipseLogger - Using platform encoding (ANSI_X3.4-1968 actually) to copy filtered resources, i.e. build is platform dependent!
2018-08-09 03:40:11,045 [Worker-11] INFO  o.e.m.c.i.embedder.EclipseLogger - skip non existing resourceDirectory /home/bridgelabz/java-programs/Bootcamp/Login/src/test/resources
2018-08-09 03:41:09,174 [Worker-12] WARN  o.e.m.c.i.embedder.EclipseLogger - Using platform encoding (ANSI_X3.4-1968 actually) to copy filtered resources, i.e. build is platform dependent!
2018-08-09 03:41:09,174 [Worker-12] INFO  o.e.m.c.i.embedder.EclipseLogger - Copying 0 resource
2018-08-09 03:41:09,175 [Worker-12] WARN  o.e.m.c.i.embedder.EclipseLogger - Using platform encoding (ANSI_X3.4-1968 actually) to copy filtered resources, i.e. build is platform dependent!
2018-08-09 03:41:09,175 [Worker-12] INFO  o.e.m.c.i.embedder.EclipseLogger - skip non existing resourceDirectory /home/bridgelabz/java-programs/Bootcamp/Login/src/test/resources
2018-08-09 03:44:42,348 [Worker-19] WARN  o.e.m.c.i.embedder.EclipseLogger - Using platform encoding (ANSI_X3.4-1968 actually) to copy filtered resources, i.e. build is platform dependent!
2018-08-09 03:44:42,348 [Worker-19] INFO  o.e.m.c.i.embedder.EclipseLogger - Copying 0 resource
2018-08-09 03:44:42,349 [Worker-19] WARN  o.e.m.c.i.embedder.EclipseLogger - Using platform encoding (ANSI_X3.4-1968 actually) to copy filtered resources, i.e. build is platform dependent!
2018-08-09 03:44:42,350 [Worker-19] INFO  o.e.m.c.i.embedder.EclipseLogger - skip non existing resourceDirectory /home/bridgelabz/java-programs/Bootcamp/Login/src/test/resources
2018-08-09 03:45:15,163 [Worker-8] WARN  o.e.m.c.i.embedder.EclipseLogger - Using platform encoding (ANSI_X3.4-1968 actually) to copy filtered resources, i.e. build is platform dependent!
2018-08-09 03:45:15,164 [Worker-8] INFO  o.e.m.c.i.embedder.EclipseLogger - Copying 0 resource
2018-08-09 03:45:15,165 [Worker-8] WARN  o.e.m.c.i.embedder.EclipseLogger - Using platform encoding (ANSI_X3.4-1968 actually) to copy filtered resources, i.e. build is platform dependent!
2018-08-09 03:45:15,165 [Worker-8] INFO  o.e.m.c.i.embedder.EclipseLogger - skip non existing resourceDirectory /home/bridgelabz/java-programs/Bootcamp/Login/src/test/resources
2018-08-09 03:45:31,250 [Worker-16] WARN  o.e.m.c.i.embedder.EclipseLogger - Using platform encoding (ANSI_X3.4-1968 actually) to copy filtered resources, i.e. build is platform dependent!
2018-08-09 03:45:31,251 [Worker-16] INFO  o.e.m.c.i.embedder.EclipseLogger - Copying 0 resource
2018-08-09 03:45:31,252 [Worker-16] WARN  o.e.m.c.i.embedder.EclipseLogger - Using platform encoding (ANSI_X3.4-1968 actually) to copy filtered resources, i.e. build is platform dependent!
2018-08-09 03:45:31,252 [Worker-16] INFO  o.e.m.c.i.embedder.EclipseLogger - skip non existing resourceDirectory /home/bridgelabz/java-programs/Bootcamp/Login/src/test/resources
2018-08-09 03:45:46,267 [Worker-3] WARN  o.e.m.c.i.embedder.EclipseLogger - Using platform encoding (ANSI_X3.4-1968 actually) to copy filtered resources, i.e. build is platform dependent!
2018-08-09 03:45:46,268 [Worker-3] INFO  o.e.m.c.i.embedder.EclipseLogger - Copying 0 resource
2018-08-09 03:45:46,268 [Worker-3] WARN  o.e.m.c.i.embedder.EclipseLogger - Using platform encoding (ANSI_X3.4-1968 actually) to copy filtered resources, i.e. build is platform dependent!
2018-08-09 03:45:46,269 [Worker-3] INFO  o.e.m.c.i.embedder.EclipseLogger - skip non existing resourceDirectory /home/bridgelabz/java-programs/Bootcamp/Login/src/test/resources
2018-08-09 03:45:49,983 [Worker-4] WARN  o.e.m.c.i.embedder.EclipseLogger - Using platform encoding (ANSI_X3.4-1968 actually) to copy filtered resources, i.e. build is platform dependent!
2018-08-09 03:45:49,983 [Worker-4] INFO  o.e.m.c.i.embedder.EclipseLogger - Copying 0 resource
2018-08-09 03:45:49,984 [Worker-4] WARN  o.e.m.c.i.embedder.EclipseLogger - Using platform encoding (ANSI_X3.4-1968 actually) to copy filtered resources, i.e. build is platform dependent!
2018-08-09 03:45:49,985 [Worker-4] INFO  o.e.m.c.i.embedder.EclipseLogger - skip non existing resourceDirectory /home/bridgelabz/java-programs/Bootcamp/Login/src/test/resources
2018-08-09 03:46:47,050 [Worker-8] WARN  o.e.m.c.i.embedder.EclipseLogger - Using platform encoding (ANSI_X3.4-1968 actually) to copy filtered resources, i.e. build is platform dependent!
2018-08-09 03:46:47,050 [Worker-8] INFO  o.e.m.c.i.embedder.EclipseLogger - Copying 0 resource
2018-08-09 03:46:47,082 [Worker-8] WARN  o.e.m.c.i.embedder.EclipseLogger - Using platform encoding (ANSI_X3.4-1968 actually) to copy filtered resources, i.e. build is platform dependent!
2018-08-09 03:46:47,083 [Worker-8] INFO  o.e.m.c.i.embedder.EclipseLogger - skip non existing resourceDirectory /home/bridgelabz/java-programs/Bootcamp/Login/src/test/resources
2018-08-09 03:47:19,540 [Worker-20] WARN  o.e.m.c.i.embedder.EclipseLogger - Using platform encoding (ANSI_X3.4-1968 actually) to copy filtered resources, i.e. build is platform dependent!
2018-08-09 03:47:19,559 [Worker-20] INFO  o.e.m.c.i.embedder.EclipseLogger - Copying 0 resource
2018-08-09 03:47:19,561 [Worker-20] WARN  o.e.m.c.i.embedder.EclipseLogger - Using platform encoding (ANSI_X3.4-1968 actually) to copy filtered resources, i.e. build is platform dependent!
2018-08-09 03:47:19,561 [Worker-20] INFO  o.e.m.c.i.embedder.EclipseLogger - skip non existing resourceDirectory /home/bridgelabz/java-programs/Bootcamp/Login/src/test/resources
2018-08-09 03:47:44,582 [Worker-19] WARN  o.e.m.c.i.embedder.EclipseLogger - Using platform encoding (ANSI_X3.4-1968 actually) to copy filtered resources, i.e. build is platform dependent!
2018-08-09 03:47:44,583 [Worker-19] INFO  o.e.m.c.i.embedder.EclipseLogger - Copying 0 resource
2018-08-09 03:47:44,584 [Worker-19] WARN  o.e.m.c.i.embedder.EclipseLogger - Using platform encoding (ANSI_X3.4-1968 actually) to copy filtered resources, i.e. build is platform dependent!
2018-08-09 03:47:44,585 [Worker-19] INFO  o.e.m.c.i.embedder.EclipseLogger - skip non existing resourceDirectory /home/bridgelabz/java-programs/Bootcamp/Login/src/test/resources
2018-08-09 03:47:55,464 [Worker-12] WARN  o.e.m.c.i.embedder.EclipseLogger - Using platform encoding (ANSI_X3.4-1968 actually) to copy filtered resources, i.e. build is platform dependent!
2018-08-09 03:47:55,465 [Worker-12] INFO  o.e.m.c.i.embedder.EclipseLogger - Copying 0 resource
2018-08-09 03:47:55,466 [Worker-12] WARN  o.e.m.c.i.embedder.EclipseLogger - Using platform encoding (ANSI_X3.4-1968 actually) to copy filtered resources, i.e. build is platform dependent!
2018-08-09 03:47:55,466 [Worker-12] INFO  o.e.m.c.i.embedder.EclipseLogger - skip non existing resourceDirectory /home/bridgelabz/java-programs/Bootcamp/Login/src/test/resources
2018-08-09 03:49:12,831 [Worker-20] WARN  o.e.m.c.i.embedder.EclipseLogger - Using platform encoding (ANSI_X3.4-1968 actually) to copy filtered resources, i.e. build is platform dependent!
2018-08-09 03:49:12,836 [Worker-20] INFO  o.e.m.c.i.embedder.EclipseLogger - Copying 0 resource
2018-08-09 03:49:12,837 [Worker-20] WARN  o.e.m.c.i.embedder.EclipseLogger - Using platform encoding (ANSI_X3.4-1968 actually) to copy filtered resources, i.e. build is platform dependent!
2018-08-09 03:49:12,838 [Worker-20] INFO  o.e.m.c.i.embedder.EclipseLogger - skip non existing resourceDirectory /home/bridgelabz/java-programs/Bootcamp/Login/src/test/resources
2018-08-09 03:49:24,752 [Worker-12] WARN  o.e.m.c.i.embedder.EclipseLogger - Using platform encoding (ANSI_X3.4-1968 actually) to copy filtered resources, i.e. build is platform dependent!
2018-08-09 03:49:24,753 [Worker-12] INFO  o.e.m.c.i.embedder.EclipseLogger - Copying 0 resource
2018-08-09 03:49:24,754 [Worker-12] WARN  o.e.m.c.i.embedder.EclipseLogger - Using platform encoding (ANSI_X3.4-1968 actually) to copy filtered resources, i.e. build is platform dependent!
2018-08-09 03:49:24,754 [Worker-12] INFO  o.e.m.c.i.embedder.EclipseLogger - skip non existing resourceDirectory /home/bridgelabz/java-programs/Bootcamp/Login/src/test/resources
2018-08-09 03:49:30,458 [Worker-20] WARN  o.e.m.c.i.embedder.EclipseLogger - Using platform encoding (ANSI_X3.4-1968 actually) to copy filtered resources, i.e. build is platform dependent!
2018-08-09 03:49:30,459 [Worker-20] INFO  o.e.m.c.i.embedder.EclipseLogger - Copying 0 resource
2018-08-09 03:49:30,459 [Worker-20] WARN  o.e.m.c.i.embedder.EclipseLogger - Using platform encoding (ANSI_X3.4-1968 actually) to copy filtered resources, i.e. build is platform dependent!
2018-08-09 03:49:30,460 [Worker-20] INFO  o.e.m.c.i.embedder.EclipseLogger - skip non existing resourceDirectory /home/bridgelabz/java-programs/Bootcamp/Login/src/test/resources
2018-08-09 03:49:58,535 [Worker-20] WARN  o.e.m.c.i.embedder.EclipseLogger - Using platform encoding (ANSI_X3.4-1968 actually) to copy filtered resources, i.e. build is platform dependent!
2018-08-09 03:49:58,535 [Worker-20] INFO  o.e.m.c.i.embedder.EclipseLogger - Copying 0 resource
2018-08-09 03:49:58,536 [Worker-20] WARN  o.e.m.c.i.embedder.EclipseLogger - Using platform encoding (ANSI_X3.4-1968 actually) to copy filtered resources, i.e. build is platform dependent!
2018-08-09 03:49:58,536 [Worker-20] INFO  o.e.m.c.i.embedder.EclipseLogger - skip non existing resourceDirectory /home/bridgelabz/java-programs/Bootcamp/Login/src/test/resources
2018-08-09 03:50:25,269 [Worker-12] WARN  o.e.m.c.i.embedder.EclipseLogger - Using platform encoding (ANSI_X3.4-1968 actually) to copy filtered resources, i.e. build is platform dependent!
2018-08-09 03:50:25,270 [Worker-12] INFO  o.e.m.c.i.embedder.EclipseLogger - Copying 0 resource
2018-08-09 03:50:25,286 [Worker-12] WARN  o.e.m.c.i.embedder.EclipseLogger - Using platform encoding (ANSI_X3.4-1968 actually) to copy filtered resources, i.e. build is platform dependent!
2018-08-09 03:50:25,286 [Worker-12] INFO  o.e.m.c.i.embedder.EclipseLogger - skip non existing resourceDirectory /home/bridgelabz/java-programs/Bootcamp/Login/src/test/resources
2018-08-09 03:50:46,195 [Worker-21] WARN  o.e.m.c.i.embedder.EclipseLogger - Using platform encoding (ANSI_X3.4-1968 actually) to copy filtered resources, i.e. build is platform dependent!
2018-08-09 03:50:46,195 [Worker-21] INFO  o.e.m.c.i.embedder.EclipseLogger - Copying 0 resource
2018-08-09 03:50:46,201 [Worker-21] WARN  o.e.m.c.i.embedder.EclipseLogger - Using platform encoding (ANSI_X3.4-1968 actually) to copy filtered resources, i.e. build is platform dependent!
2018-08-09 03:50:46,201 [Worker-21] INFO  o.e.m.c.i.embedder.EclipseLogger - skip non existing resourceDirectory /home/bridgelabz/java-programs/Bootcamp/Login/src/test/resources
2018-08-09 03:50:52,309 [Worker-20] WARN  o.e.m.c.i.embedder.EclipseLogger - Using platform encoding (ANSI_X3.4-1968 actually) to copy filtered resources, i.e. build is platform dependent!
2018-08-09 03:50:52,310 [Worker-20] INFO  o.e.m.c.i.embedder.EclipseLogger - Copying 0 resource
2018-08-09 03:50:52,311 [Worker-20] WARN  o.e.m.c.i.embedder.EclipseLogger - Using platform encoding (ANSI_X3.4-1968 actually) to copy filtered resources, i.e. build is platform dependent!
2018-08-09 03:50:52,311 [Worker-20] INFO  o.e.m.c.i.embedder.EclipseLogger - skip non existing resourceDirectory /home/bridgelabz/java-programs/Bootcamp/Login/src/test/resources
2018-08-09 03:51:33,755 [Worker-12] WARN  o.e.m.c.i.embedder.EclipseLogger - Using platform encoding (ANSI_X3.4-1968 actually) to copy filtered resources, i.e. build is platform dependent!
2018-08-09 03:51:33,755 [Worker-12] INFO  o.e.m.c.i.embedder.EclipseLogger - Copying 0 resource
2018-08-09 03:51:33,756 [Worker-12] WARN  o.e.m.c.i.embedder.EclipseLogger - Using platform encoding (ANSI_X3.4-1968 actually) to copy filtered resources, i.e. build is platform dependent!
2018-08-09 03:51:33,757 [Worker-12] INFO  o.e.m.c.i.embedder.EclipseLogger - skip non existing resourceDirectory /home/bridgelabz/java-programs/Bootcamp/Login/src/test/resources
2018-08-09 03:51:53,965 [Worker-21] WARN  o.e.m.c.i.embedder.EclipseLogger - Using platform encoding (ANSI_X3.4-1968 actually) to copy filtered resources, i.e. build is platform dependent!
2018-08-09 03:51:53,975 [Worker-21] INFO  o.e.m.c.i.embedder.EclipseLogger - Copying 0 resource
2018-08-09 03:51:53,976 [Worker-21] WARN  o.e.m.c.i.embedder.EclipseLogger - Using platform encoding (ANSI_X3.4-1968 actually) to copy filtered resources, i.e. build is platform dependent!
2018-08-09 03:51:53,976 [Worker-21] INFO  o.e.m.c.i.embedder.EclipseLogger - skip non existing resourceDirectory /home/bridgelabz/java-programs/Bootcamp/Login/src/test/resources
2018-08-09 03:52:44,162 [Worker-21] WARN  o.e.m.c.i.embedder.EclipseLogger - Using platform encoding (ANSI_X3.4-1968 actually) to copy filtered resources, i.e. build is platform dependent!
2018-08-09 03:52:44,162 [Worker-21] INFO  o.e.m.c.i.embedder.EclipseLogger - Copying 0 resource
2018-08-09 03:52:44,163 [Worker-21] WARN  o.e.m.c.i.embedder.EclipseLogger - Using platform encoding (ANSI_X3.4-1968 actually) to copy filtered resources, i.e. build is platform dependent!
2018-08-09 03:52:44,164 [Worker-21] INFO  o.e.m.c.i.embedder.EclipseLogger - skip non existing resourceDirectory /home/bridgelabz/java-programs/Bootcamp/Login/src/test/resources
2018-08-09 03:52:55,795 [Worker-19] WARN  o.e.m.c.i.embedder.EclipseLogger - Using platform encoding (ANSI_X3.4-1968 actually) to copy filtered resources, i.e. build is platform dependent!
2018-08-09 03:52:55,795 [Worker-19] INFO  o.e.m.c.i.embedder.EclipseLogger - Copying 0 resource
2018-08-09 03:52:55,796 [Worker-19] WARN  o.e.m.c.i.embedder.EclipseLogger - Using platform encoding (ANSI_X3.4-1968 actually) to copy filtered resources, i.e. build is platform dependent!
2018-08-09 03:52:55,797 [Worker-19] INFO  o.e.m.c.i.embedder.EclipseLogger - skip non existing resourceDirectory /home/bridgelabz/java-programs/Bootcamp/Login/src/test/resources
2018-08-09 03:53:37,583 [Worker-20] WARN  o.e.m.c.i.embedder.EclipseLogger - Using platform encoding (ANSI_X3.4-1968 actually) to copy filtered resources, i.e. build is platform dependent!
2018-08-09 03:53:37,593 [Worker-20] INFO  o.e.m.c.i.embedder.EclipseLogger - Copying 0 resource
2018-08-09 03:53:37,594 [Worker-20] WARN  o.e.m.c.i.embedder.EclipseLogger - Using platform encoding (ANSI_X3.4-1968 actually) to copy filtered resources, i.e. build is platform dependent!
2018-08-09 03:53:37,594 [Worker-20] INFO  o.e.m.c.i.embedder.EclipseLogger - skip non existing resourceDirectory /home/bridgelabz/java-programs/Bootcamp/Login/src/test/resources
2018-08-09 03:53:45,553 [Worker-16] WARN  o.e.m.c.i.embedder.EclipseLogger - Using platform encoding (ANSI_X3.4-1968 actually) to copy filtered resources, i.e. build is platform dependent!
2018-08-09 03:53:45,554 [Worker-16] INFO  o.e.m.c.i.embedder.EclipseLogger - Copying 0 resource
2018-08-09 03:53:45,561 [Worker-16] WARN  o.e.m.c.i.embedder.EclipseLogger - Using platform encoding (ANSI_X3.4-1968 actually) to copy filtered resources, i.e. build is platform dependent!
2018-08-09 03:53:45,561 [Worker-16] INFO  o.e.m.c.i.embedder.EclipseLogger - skip non existing resourceDirectory /home/bridgelabz/java-programs/Bootcamp/Login/src/test/resources
2018-08-09 03:53:50,669 [Worker-3] WARN  o.e.m.c.i.embedder.EclipseLogger - Using platform encoding (ANSI_X3.4-1968 actually) to copy filtered resources, i.e. build is platform dependent!
2018-08-09 03:53:50,669 [Worker-3] INFO  o.e.m.c.i.embedder.EclipseLogger - Copying 0 resource
2018-08-09 03:53:50,670 [Worker-3] WARN  o.e.m.c.i.embedder.EclipseLogger - Using platform encoding (ANSI_X3.4-1968 actually) to copy filtered resources, i.e. build is platform dependent!
2018-08-09 03:53:50,670 [Worker-3] INFO  o.e.m.c.i.embedder.EclipseLogger - skip non existing resourceDirectory /home/bridgelabz/java-programs/Bootcamp/Login/src/test/resources
2018-08-09 03:53:58,658 [Worker-17] WARN  o.e.m.c.i.embedder.EclipseLogger - Using platform encoding (ANSI_X3.4-1968 actually) to copy filtered resources, i.e. build is platform dependent!
2018-08-09 03:53:58,659 [Worker-17] INFO  o.e.m.c.i.embedder.EclipseLogger - Copying 0 resource
2018-08-09 03:53:58,662 [Worker-17] WARN  o.e.m.c.i.embedder.EclipseLogger - Using platform encoding (ANSI_X3.4-1968 actually) to copy filtered resources, i.e. build is platform dependent!
2018-08-09 03:53:58,662 [Worker-17] INFO  o.e.m.c.i.embedder.EclipseLogger - skip non existing resourceDirectory /home/bridgelabz/java-programs/Bootcamp/Login/src/test/resources
2018-08-09 03:54:04,623 [Worker-3] WARN  o.e.m.c.i.embedder.EclipseLogger - Using platform encoding (ANSI_X3.4-1968 actually) to copy filtered resources, i.e. build is platform dependent!
2018-08-09 03:54:04,623 [Worker-3] INFO  o.e.m.c.i.embedder.EclipseLogger - Copying 0 resource
2018-08-09 03:54:04,624 [Worker-3] WARN  o.e.m.c.i.embedder.EclipseLogger - Using platform encoding (ANSI_X3.4-1968 actually) to copy filtered resources, i.e. build is platform dependent!
2018-08-09 03:54:04,624 [Worker-3] INFO  o.e.m.c.i.embedder.EclipseLogger - skip non existing resourceDirectory /home/bridgelabz/java-programs/Bootcamp/Login/src/test/resources
2018-08-09 03:54:27,200 [Worker-3] WARN  o.e.m.c.i.embedder.EclipseLogger - Using platform encoding (ANSI_X3.4-1968 actually) to copy filtered resources, i.e. build is platform dependent!
2018-08-09 03:54:27,200 [Worker-3] INFO  o.e.m.c.i.embedder.EclipseLogger - Copying 0 resource
2018-08-09 03:54:27,201 [Worker-3] WARN  o.e.m.c.i.embedder.EclipseLogger - Using platform encoding (ANSI_X3.4-1968 actually) to copy filtered resources, i.e. build is platform dependent!
2018-08-09 03:54:27,201 [Worker-3] INFO  o.e.m.c.i.embedder.EclipseLogger - skip non existing resourceDirectory /home/bridgelabz/java-programs/Bootcamp/Login/src/test/resources
2018-08-09 03:54:46,767 [Worker-20] WARN  o.e.m.c.i.embedder.EclipseLogger - Using platform encoding (ANSI_X3.4-1968 actually) to copy filtered resources, i.e. build is platform dependent!
2018-08-09 03:54:46,767 [Worker-20] INFO  o.e.m.c.i.embedder.EclipseLogger - Copying 0 resource
2018-08-09 03:54:46,768 [Worker-20] WARN  o.e.m.c.i.embedder.EclipseLogger - Using platform encoding (ANSI_X3.4-1968 actually) to copy filtered resources, i.e. build is platform dependent!
2018-08-09 03:54:46,768 [Worker-20] INFO  o.e.m.c.i.embedder.EclipseLogger - skip non existing resourceDirectory /home/bridgelabz/java-programs/Bootcamp/Login/src/test/resources
2018-08-09 03:55:19,799 [Worker-18] WARN  o.e.m.c.i.embedder.EclipseLogger - Using platform encoding (ANSI_X3.4-1968 actually) to copy filtered resources, i.e. build is platform dependent!
2018-08-09 03:55:19,813 [Worker-18] INFO  o.e.m.c.i.embedder.EclipseLogger - Copying 0 resource
2018-08-09 03:55:19,814 [Worker-18] WARN  o.e.m.c.i.embedder.EclipseLogger - Using platform encoding (ANSI_X3.4-1968 actually) to copy filtered resources, i.e. build is platform dependent!
2018-08-09 03:55:19,815 [Worker-18] INFO  o.e.m.c.i.embedder.EclipseLogger - skip non existing resourceDirectory /home/bridgelabz/java-programs/Bootcamp/Login/src/test/resources
2018-08-09 03:55:53,898 [Worker-3] WARN  o.e.m.c.i.embedder.EclipseLogger - Using platform encoding (ANSI_X3.4-1968 actually) to copy filtered resources, i.e. build is platform dependent!
2018-08-09 03:55:53,899 [Worker-3] INFO  o.e.m.c.i.embedder.EclipseLogger - Copying 0 resource
2018-08-09 03:55:53,900 [Worker-3] WARN  o.e.m.c.i.embedder.EclipseLogger - Using platform encoding (ANSI_X3.4-1968 actually) to copy filtered resources, i.e. build is platform dependent!
2018-08-09 03:55:53,900 [Worker-3] INFO  o.e.m.c.i.embedder.EclipseLogger - skip non existing resourceDirectory /home/bridgelabz/java-programs/Bootcamp/Login/src/test/resources
2018-08-09 03:56:05,235 [Worker-8] WARN  o.e.m.c.i.embedder.EclipseLogger - Using platform encoding (ANSI_X3.4-1968 actually) to copy filtered resources, i.e. build is platform dependent!
2018-08-09 03:56:05,235 [Worker-8] INFO  o.e.m.c.i.embedder.EclipseLogger - Copying 0 resource
2018-08-09 03:56:05,236 [Worker-8] WARN  o.e.m.c.i.embedder.EclipseLogger - Using platform encoding (ANSI_X3.4-1968 actually) to copy filtered resources, i.e. build is platform dependent!
2018-08-09 03:56:05,236 [Worker-8] INFO  o.e.m.c.i.embedder.EclipseLogger - skip non existing resourceDirectory /home/bridgelabz/java-programs/Bootcamp/Login/src/test/resources
2018-08-09 03:56:57,615 [Worker-20] WARN  o.e.m.c.i.embedder.EclipseLogger - Using platform encoding (ANSI_X3.4-1968 actually) to copy filtered resources, i.e. build is platform dependent!
2018-08-09 03:56:57,616 [Worker-20] INFO  o.e.m.c.i.embedder.EclipseLogger - Copying 0 resource
2018-08-09 03:56:57,617 [Worker-20] WARN  o.e.m.c.i.embedder.EclipseLogger - Using platform encoding (ANSI_X3.4-1968 actually) to copy filtered resources, i.e. build is platform dependent!
2018-08-09 03:56:57,617 [Worker-20] INFO  o.e.m.c.i.embedder.EclipseLogger - skip non existing resourceDirectory /home/bridgelabz/java-programs/Bootcamp/Login/src/test/resources
2018-08-09 03:57:11,295 [Worker-18] WARN  o.e.m.c.i.embedder.EclipseLogger - Using platform encoding (ANSI_X3.4-1968 actually) to copy filtered resources, i.e. build is platform dependent!
2018-08-09 03:57:11,295 [Worker-18] INFO  o.e.m.c.i.embedder.EclipseLogger - Copying 0 resource
2018-08-09 03:57:11,296 [Worker-18] WARN  o.e.m.c.i.embedder.EclipseLogger - Using platform encoding (ANSI_X3.4-1968 actually) to copy filtered resources, i.e. build is platform dependent!
2018-08-09 03:57:11,305 [Worker-18] INFO  o.e.m.c.i.embedder.EclipseLogger - skip non existing resourceDirectory /home/bridgelabz/java-programs/Bootcamp/Login/src/test/resources
2018-08-09 03:57:23,922 [Worker-20] WARN  o.e.m.c.i.embedder.EclipseLogger - Using platform encoding (ANSI_X3.4-1968 actually) to copy filtered resources, i.e. build is platform dependent!
2018-08-09 03:57:23,922 [Worker-20] INFO  o.e.m.c.i.embedder.EclipseLogger - Copying 0 resource
2018-08-09 03:57:23,923 [Worker-20] WARN  o.e.m.c.i.embedder.EclipseLogger - Using platform encoding (ANSI_X3.4-1968 actually) to copy filtered resources, i.e. build is platform dependent!
2018-08-09 03:57:23,923 [Worker-20] INFO  o.e.m.c.i.embedder.EclipseLogger - skip non existing resourceDirectory /home/bridgelabz/java-programs/Bootcamp/Login/src/test/resources
2018-08-09 03:58:24,505 [Worker-17] WARN  o.e.m.c.i.embedder.EclipseLogger - Using platform encoding (ANSI_X3.4-1968 actually) to copy filtered resources, i.e. build is platform dependent!
2018-08-09 03:58:24,506 [Worker-17] INFO  o.e.m.c.i.embedder.EclipseLogger - Copying 0 resource
2018-08-09 03:58:24,506 [Worker-17] WARN  o.e.m.c.i.embedder.EclipseLogger - Using platform encoding (ANSI_X3.4-1968 actually) to copy filtered resources, i.e. build is platform dependent!
2018-08-09 03:58:24,507 [Worker-17] INFO  o.e.m.c.i.embedder.EclipseLogger - skip non existing resourceDirectory /home/bridgelabz/java-programs/Bootcamp/Login/src/test/resources
2018-08-09 03:58:50,774 [Worker-8] WARN  o.e.m.c.i.embedder.EclipseLogger - Using platform encoding (ANSI_X3.4-1968 actually) to copy filtered resources, i.e. build is platform dependent!
2018-08-09 03:58:50,775 [Worker-8] INFO  o.e.m.c.i.embedder.EclipseLogger - Copying 0 resource
2018-08-09 03:58:50,776 [Worker-8] WARN  o.e.m.c.i.embedder.EclipseLogger - Using platform encoding (ANSI_X3.4-1968 actually) to copy filtered resources, i.e. build is platform dependent!
2018-08-09 03:58:50,776 [Worker-8] INFO  o.e.m.c.i.embedder.EclipseLogger - skip non existing resourceDirectory /home/bridgelabz/java-programs/Bootcamp/Login/src/test/resources
2018-08-09 03:59:00,670 [Worker-12] WARN  o.e.m.c.i.embedder.EclipseLogger - Using platform encoding (ANSI_X3.4-1968 actually) to copy filtered resources, i.e. build is platform dependent!
2018-08-09 03:59:00,670 [Worker-12] INFO  o.e.m.c.i.embedder.EclipseLogger - Copying 0 resource
2018-08-09 03:59:00,671 [Worker-12] WARN  o.e.m.c.i.embedder.EclipseLogger - Using platform encoding (ANSI_X3.4-1968 actually) to copy filtered resources, i.e. build is platform dependent!
2018-08-09 03:59:00,671 [Worker-12] INFO  o.e.m.c.i.embedder.EclipseLogger - skip non existing resourceDirectory /home/bridgelabz/java-programs/Bootcamp/Login/src/test/resources
2018-08-09 04:04:23,341 [Worker-16] WARN  o.e.m.c.i.embedder.EclipseLogger - Using platform encoding (ANSI_X3.4-1968 actually) to copy filtered resources, i.e. build is platform dependent!
2018-08-09 04:04:23,342 [Worker-16] INFO  o.e.m.c.i.embedder.EclipseLogger - Copying 0 resource
2018-08-09 04:04:23,342 [Worker-16] WARN  o.e.m.c.i.embedder.EclipseLogger - Using platform encoding (ANSI_X3.4-1968 actually) to copy filtered resources, i.e. build is platform dependent!
2018-08-09 04:04:23,343 [Worker-16] INFO  o.e.m.c.i.embedder.EclipseLogger - skip non existing resourceDirectory /home/bridgelabz/java-programs/Bootcamp/Login/src/test/resources
2018-08-09 04:04:45,190 [Worker-18] WARN  o.e.m.c.i.embedder.EclipseLogger - Using platform encoding (ANSI_X3.4-1968 actually) to copy filtered resources, i.e. build is platform dependent!
2018-08-09 04:04:45,190 [Worker-18] INFO  o.e.m.c.i.embedder.EclipseLogger - Copying 0 resource
2018-08-09 04:04:45,191 [Worker-18] WARN  o.e.m.c.i.embedder.EclipseLogger - Using platform encoding (ANSI_X3.4-1968 actually) to copy filtered resources, i.e. build is platform dependent!
2018-08-09 04:04:45,193 [Worker-18] INFO  o.e.m.c.i.embedder.EclipseLogger - skip non existing resourceDirectory /home/bridgelabz/java-programs/Bootcamp/Login/src/test/resources
2018-08-09 04:05:14,107 [Worker-22] WARN  o.e.m.c.i.embedder.EclipseLogger - Using platform encoding (ANSI_X3.4-1968 actually) to copy filtered resources, i.e. build is platform dependent!
2018-08-09 04:05:14,107 [Worker-22] INFO  o.e.m.c.i.embedder.EclipseLogger - Copying 0 resource
2018-08-09 04:05:14,108 [Worker-22] WARN  o.e.m.c.i.embedder.EclipseLogger - Using platform encoding (ANSI_X3.4-1968 actually) to copy filtered resources, i.e. build is platform dependent!
2018-08-09 04:05:14,108 [Worker-22] INFO  o.e.m.c.i.embedder.EclipseLogger - skip non existing resourceDirectory /home/bridgelabz/java-programs/Bootcamp/Login/src/test/resources
2018-08-09 04:05:52,321 [Worker-17] WARN  o.e.m.c.i.embedder.EclipseLogger - Using platform encoding (ANSI_X3.4-1968 actually) to copy filtered resources, i.e. build is platform dependent!
2018-08-09 04:05:52,321 [Worker-17] INFO  o.e.m.c.i.embedder.EclipseLogger - Copying 0 resource
2018-08-09 04:05:52,322 [Worker-17] WARN  o.e.m.c.i.embedder.EclipseLogger - Using platform encoding (ANSI_X3.4-1968 actually) to copy filtered resources, i.e. build is platform dependent!
2018-08-09 04:05:52,322 [Worker-17] INFO  o.e.m.c.i.embedder.EclipseLogger - skip non existing resourceDirectory /home/bridgelabz/java-programs/Bootcamp/Login/src/test/resources
2018-08-09 04:07:15,322 [Worker-17] WARN  o.e.m.c.i.embedder.EclipseLogger - Using platform encoding (ANSI_X3.4-1968 actually) to copy filtered resources, i.e. build is platform dependent!
2018-08-09 04:07:15,322 [Worker-17] INFO  o.e.m.c.i.embedder.EclipseLogger - Copying 0 resource
2018-08-09 04:07:15,323 [Worker-17] WARN  o.e.m.c.i.embedder.EclipseLogger - Using platform encoding (ANSI_X3.4-1968 actually) to copy filtered resources, i.e. build is platform dependent!
2018-08-09 04:07:15,323 [Worker-17] INFO  o.e.m.c.i.embedder.EclipseLogger - skip non existing resourceDirectory /home/bridgelabz/java-programs/Bootcamp/Login/src/test/resources
2018-08-09 04:07:21,172 [Worker-16] WARN  o.e.m.c.i.embedder.EclipseLogger - Using platform encoding (ANSI_X3.4-1968 actually) to copy filtered resources, i.e. build is platform dependent!
2018-08-09 04:07:21,172 [Worker-16] INFO  o.e.m.c.i.embedder.EclipseLogger - Copying 0 resource
2018-08-09 04:07:21,173 [Worker-16] WARN  o.e.m.c.i.embedder.EclipseLogger - Using platform encoding (ANSI_X3.4-1968 actually) to copy filtered resources, i.e. build is platform dependent!
2018-08-09 04:07:21,173 [Worker-16] INFO  o.e.m.c.i.embedder.EclipseLogger - skip non existing resourceDirectory /home/bridgelabz/java-programs/Bootcamp/Login/src/test/resources
2018-08-09 04:07:47,371 [Worker-22] WARN  o.e.m.c.i.embedder.EclipseLogger - Using platform encoding (ANSI_X3.4-1968 actually) to copy filtered resources, i.e. build is platform dependent!
2018-08-09 04:07:47,372 [Worker-22] INFO  o.e.m.c.i.embedder.EclipseLogger - Copying 0 resource
2018-08-09 04:07:47,373 [Worker-22] WARN  o.e.m.c.i.embedder.EclipseLogger - Using platform encoding (ANSI_X3.4-1968 actually) to copy filtered resources, i.e. build is platform dependent!
2018-08-09 04:07:47,373 [Worker-22] INFO  o.e.m.c.i.embedder.EclipseLogger - skip non existing resourceDirectory /home/bridgelabz/java-programs/Bootcamp/Login/src/test/resources
2018-08-09 04:08:18,566 [Worker-17] WARN  o.e.m.c.i.embedder.EclipseLogger - Using platform encoding (ANSI_X3.4-1968 actually) to copy filtered resources, i.e. build is platform dependent!
2018-08-09 04:08:18,566 [Worker-17] INFO  o.e.m.c.i.embedder.EclipseLogger - Copying 0 resource
2018-08-09 04:08:18,567 [Worker-17] WARN  o.e.m.c.i.embedder.EclipseLogger - Using platform encoding (ANSI_X3.4-1968 actually) to copy filtered resources, i.e. build is platform dependent!
2018-08-09 04:08:18,567 [Worker-17] INFO  o.e.m.c.i.embedder.EclipseLogger - skip non existing resourceDirectory /home/bridgelabz/java-programs/Bootcamp/Login/src/test/resources
2018-08-09 04:08:35,021 [Worker-19] WARN  o.e.m.c.i.embedder.EclipseLogger - Using platform encoding (ANSI_X3.4-1968 actually) to copy filtered resources, i.e. build is platform dependent!
2018-08-09 04:08:35,021 [Worker-19] INFO  o.e.m.c.i.embedder.EclipseLogger - Copying 0 resource
2018-08-09 04:08:35,022 [Worker-19] WARN  o.e.m.c.i.embedder.EclipseLogger - Using platform encoding (ANSI_X3.4-1968 actually) to copy filtered resources, i.e. build is platform dependent!
2018-08-09 04:08:35,022 [Worker-19] INFO  o.e.m.c.i.embedder.EclipseLogger - skip non existing resourceDirectory /home/bridgelabz/java-programs/Bootcamp/Login/src/test/resources
2018-08-09 04:08:47,726 [Worker-8] WARN  o.e.m.c.i.embedder.EclipseLogger - Using platform encoding (ANSI_X3.4-1968 actually) to copy filtered resources, i.e. build is platform dependent!
2018-08-09 04:08:47,726 [Worker-8] INFO  o.e.m.c.i.embedder.EclipseLogger - Copying 0 resource
2018-08-09 04:08:47,727 [Worker-8] WARN  o.e.m.c.i.embedder.EclipseLogger - Using platform encoding (ANSI_X3.4-1968 actually) to copy filtered resources, i.e. build is platform dependent!
2018-08-09 04:08:47,727 [Worker-8] INFO  o.e.m.c.i.embedder.EclipseLogger - skip non existing resourceDirectory /home/bridgelabz/java-programs/Bootcamp/Login/src/test/resources
2018-08-09 04:09:02,063 [Worker-21] WARN  o.e.m.c.i.embedder.EclipseLogger - Using platform encoding (ANSI_X3.4-1968 actually) to copy filtered resources, i.e. build is platform dependent!
2018-08-09 04:09:02,064 [Worker-21] INFO  o.e.m.c.i.embedder.EclipseLogger - Copying 0 resource
2018-08-09 04:09:02,065 [Worker-21] WARN  o.e.m.c.i.embedder.EclipseLogger - Using platform encoding (ANSI_X3.4-1968 actually) to copy filtered resources, i.e. build is platform dependent!
2018-08-09 04:09:02,065 [Worker-21] INFO  o.e.m.c.i.embedder.EclipseLogger - skip non existing resourceDirectory /home/bridgelabz/java-programs/Bootcamp/Login/src/test/resources
